<?xml version="1.0" encoding="UTF-8"?>
<!-- Generated by org.testng.reporters.JUnitXMLReporter -->
<testsuite ignored="0" hostname="Sayeems-MacBook-Air.local" failures="0" tests="2" name="Default test" time="22.125" errors="0" timestamp="04 Nov 2021 00:15:26 GMT">
  <testcase classname="io.cucumber.testng.AbstractTestNGCucumberTests" name="runScenario" time="11.036"/>
  <testcase classname="io.cucumber.testng.AbstractTestNGCucumberTests" name="runScenario" time="10.617"/>
</testsuite> <!-- Default test -->
